<?xml version="1.0" encoding="UTF-8"?>
<!-- Generated by org.testng.reporters.JUnitReportReporter -->
<testsuite hostname="DESKTOP-CQ20CQ9" failures="0" tests="1" name="petstore.restassured.TC_03DeleteNewUser" time="1.540" errors="0" timestamp="2023-10-15T04:01:56 IST" skipped="0">
  <testcase classname="petstore.restassured.TC_03DeleteNewUser" name="DeleteMethod" time="1.540"/>
  <system-out/>
</testsuite> <!-- petstore.restassured.TC_03DeleteNewUser -->
